<?xml version="1.0" encoding="UTF-8"?>
<coverage generated="1773746475679" clover="3.2.0">
  <project timestamp="1773746475679" name="All files">
    <metrics statements="33" coveredstatements="29" conditionals="16" coveredconditionals="14" methods="7" coveredmethods="6" elements="56" coveredelements="49" complexity="0" loc="33" ncloc="33" packages="2" files="2" classes="2"/>
    <package name="errors">
      <metrics statements="3" coveredstatements="3" conditionals="2" coveredconditionals="2" methods="1" coveredmethods="1"/>
      <file name="appError.ts" path="C:\Users\Usuario\Desktop\JAVA_SCRIPT\projetos protifolio\biblioteca\src\errors\appError.ts">
        <metrics statements="3" coveredstatements="3" conditionals="2" coveredconditionals="2" methods="1" coveredmethods="1"/>
        <line num="6" count="6" type="stmt"/>
        <line num="7" count="6" type="stmt"/>
        <line num="8" count="6" type="stmt"/>
      </file>
    </package>
    <package name="services.admin">
      <metrics statements="30" coveredstatements="26" conditionals="14" coveredconditionals="12" methods="6" coveredmethods="5"/>
      <file name="adminBooksServices.ts" path="C:\Users\Usuario\Desktop\JAVA_SCRIPT\projetos protifolio\biblioteca\src\services\admin\adminBooksServices.ts">
        <metrics statements="30" coveredstatements="26" conditionals="14" coveredconditionals="12" methods="6" coveredmethods="5"/>
        <line num="6" count="1" type="cond" truecount="2" falsecount="0"/>
        <line num="7" count="1" type="stmt"/>
        <line num="8" count="1" type="stmt"/>
        <line num="9" count="1" type="stmt"/>
        <line num="10" count="1" type="stmt"/>
        <line num="14" count="1" type="stmt"/>
        <line num="17" count="0" type="stmt"/>
        <line num="18" count="0" type="stmt"/>
        <line num="23" count="2" type="stmt"/>
        <line num="32" count="2" type="cond" truecount="2" falsecount="0"/>
        <line num="33" count="1" type="stmt"/>
        <line num="36" count="1" type="cond" truecount="1" falsecount="1"/>
        <line num="38" count="1" type="stmt"/>
        <line num="42" count="0" type="stmt"/>
        <line num="56" count="1" type="stmt"/>
        <line num="65" count="1" type="cond" truecount="1" falsecount="1"/>
        <line num="66" count="1" type="stmt"/>
        <line num="69" count="0" type="stmt"/>
        <line num="82" count="3" type="stmt"/>
        <line num="91" count="3" type="cond" truecount="2" falsecount="0"/>
        <line num="92" count="1" type="stmt"/>
        <line num="95" count="2" type="cond" truecount="2" falsecount="0"/>
        <line num="96" count="1" type="stmt"/>
        <line num="97" count="1" type="stmt"/>
        <line num="99" count="1" type="stmt"/>
        <line num="102" count="1" type="stmt"/>
        <line num="117" count="2" type="stmt"/>
        <line num="126" count="2" type="cond" truecount="2" falsecount="0"/>
        <line num="127" count="1" type="stmt"/>
        <line num="130" count="1" type="stmt"/>
      </file>
    </package>
  </project>
</coverage>
