{"C:\\Users\\Usuario\\Desktop\\JAVA_SCRIPT\\projetos protifolio\\biblioteca\\src\\errors\\appError.ts": {"path":"C:\\Users\\Usuario\\Desktop\\JAVA_SCRIPT\\projetos protifolio\\biblioteca\\src\\errors\\appError.ts","statementMap":{"0":{"start":{"line":6,"column":4},"end":{"line":6,"column":null}},"1":{"start":{"line":7,"column":4},"end":{"line":7,"column":null}},"2":{"start":{"line":8,"column":4},"end":{"line":8,"column":null}}},"fnMap":{"0":{"name":"(anonymous_0)","decl":{"start":{"line":5,"column":2},"end":{"line":5,"column":14}},"loc":{"start":{"line":5,"column":63},"end":{"line":9,"column":null}},"line":5}},"branchMap":{"0":{"loc":{"start":{"line":5,"column":31},"end":{"line":5,"column":49}},"type":"default-arg","locations":[{"start":{"line":5,"column":44},"end":{"line":5,"column":49}}],"line":5},"1":{"loc":{"start":{"line":5,"column":49},"end":{"line":5,"column":63}},"type":"default-arg","locations":[{"start":{"line":5,"column":54},"end":{"line":5,"column":63}}],"line":5}},"s":{"0":12,"1":12,"2":12},"f":{"0":12},"b":{"0":[12],"1":[12]},"meta":{"lastBranch":2,"lastFunction":1,"lastStatement":3,"seen":{"f:5:2:5:14":0,"b:5:44:5:49":0,"b:5:54:5:63":1,"s:6:4:6:Infinity":0,"s:7:4:7:Infinity":1,"s:8:4:8:Infinity":2}}}
,"C:\\Users\\Usuario\\Desktop\\JAVA_SCRIPT\\projetos protifolio\\biblioteca\\src\\services\\user\\userServices.ts": {"path":"C:\\Users\\Usuario\\Desktop\\JAVA_SCRIPT\\projetos protifolio\\biblioteca\\src\\services\\user\\userServices.ts","statementMap":{"0":{"start":{"line":8,"column":6},"end":{"line":8,"column":null}},"1":{"start":{"line":9,"column":12},"end":{"line":9,"column":null}},"2":{"start":{"line":12,"column":0},"end":{"line":12,"column":null}},"3":{"start":{"line":13,"column":2},"end":{"line":13,"column":null}},"4":{"start":{"line":14,"column":2},"end":{"line":14,"column":null}},"5":{"start":{"line":15,"column":2},"end":{"line":15,"column":null}},"6":{"start":{"line":16,"column":2},"end":{"line":16,"column":null}},"7":{"start":{"line":17,"column":2},"end":{"line":17,"column":null}},"8":{"start":{"line":18,"column":2},"end":{"line":18,"column":null}},"9":{"start":{"line":19,"column":2},"end":{"line":19,"column":null}},"10":{"start":{"line":20,"column":2},"end":{"line":20,"column":null}},"11":{"start":{"line":12,"column":5},"end":{"line":12,"column":null}},"12":{"start":{"line":35,"column":21},"end":{"line":267,"column":null}},"13":{"start":{"line":38,"column":47},"end":{"line":42,"column":null}},"14":{"start":{"line":44,"column":8},"end":{"line":46,"column":null}},"15":{"start":{"line":45,"column":12},"end":{"line":45,"column":null}},"16":{"start":{"line":48,"column":28},"end":{"line":48,"column":null}},"17":{"start":{"line":49,"column":28},"end":{"line":49,"column":null}},"18":{"start":{"line":51,"column":8},"end":{"line":57,"column":null}},"19":{"start":{"line":65,"column":21},"end":{"line":69,"column":null}},"20":{"start":{"line":71,"column":8},"end":{"line":73,"column":null}},"21":{"start":{"line":72,"column":12},"end":{"line":72,"column":null}},"22":{"start":{"line":76,"column":24},"end":{"line":76,"column":null}},"23":{"start":{"line":79,"column":8},"end":{"line":81,"column":null}},"24":{"start":{"line":80,"column":11},"end":{"line":80,"column":null}},"25":{"start":{"line":84,"column":27},"end":{"line":84,"column":null}},"26":{"start":{"line":87,"column":22},"end":{"line":96,"column":null}},"27":{"start":{"line":98,"column":8},"end":{"line":98,"column":null}},"28":{"start":{"line":102,"column":22},"end":{"line":106,"column":null}},"29":{"start":{"line":108,"column":8},"end":{"line":108,"column":null}},"30":{"start":{"line":113,"column":19},"end":{"line":113,"column":null}},"31":{"start":{"line":119,"column":21},"end":{"line":123,"column":null}},"32":{"start":{"line":125,"column":21},"end":{"line":129,"column":null}},"33":{"start":{"line":132,"column":26},"end":{"line":137,"column":null}},"34":{"start":{"line":140,"column":8},"end":{"line":142,"column":null}},"35":{"start":{"line":141,"column":12},"end":{"line":141,"column":null}},"36":{"start":{"line":144,"column":8},"end":{"line":146,"column":null}},"37":{"start":{"line":145,"column":12},"end":{"line":145,"column":null}},"38":{"start":{"line":149,"column":8},"end":{"line":168,"column":null}},"39":{"start":{"line":151,"column":12},"end":{"line":153,"column":null}},"40":{"start":{"line":152,"column":16},"end":{"line":152,"column":null}},"41":{"start":{"line":155,"column":12},"end":{"line":159,"column":null}},"42":{"start":{"line":156,"column":16},"end":{"line":158,"column":null}},"43":{"start":{"line":157,"column":20},"end":{"line":157,"column":null}},"44":{"start":{"line":162,"column":12},"end":{"line":166,"column":null}},"45":{"start":{"line":163,"column":16},"end":{"line":165,"column":null}},"46":{"start":{"line":164,"column":20},"end":{"line":164,"column":null}},"47":{"start":{"line":173,"column":8},"end":{"line":175,"column":null}},"48":{"start":{"line":174,"column":12},"end":{"line":174,"column":null}},"49":{"start":{"line":179,"column":8},"end":{"line":179,"column":null}},"50":{"start":{"line":180,"column":22},"end":{"line":180,"column":null}},"51":{"start":{"line":182,"column":8},"end":{"line":188,"column":null}},"52":{"start":{"line":190,"column":8},"end":{"line":197,"column":null}},"53":{"start":{"line":205,"column":19},"end":{"line":205,"column":null}},"54":{"start":{"line":206,"column":22},"end":{"line":206,"column":null}},"55":{"start":{"line":212,"column":21},"end":{"line":216,"column":null}},"56":{"start":{"line":218,"column":21},"end":{"line":222,"column":null}},"57":{"start":{"line":224,"column":21},"end":{"line":230,"column":null}},"58":{"start":{"line":233,"column":8},"end":{"line":235,"column":null}},"59":{"start":{"line":234,"column":12},"end":{"line":234,"column":null}},"60":{"start":{"line":237,"column":8},"end":{"line":239,"column":null}},"61":{"start":{"line":238,"column":12},"end":{"line":238,"column":null}},"62":{"start":{"line":242,"column":8},"end":{"line":244,"column":null}},"63":{"start":{"line":243,"column":12},"end":{"line":243,"column":null}},"64":{"start":{"line":247,"column":8},"end":{"line":255,"column":null}},"65":{"start":{"line":258,"column":8},"end":{"line":265,"column":null}}},"fnMap":{"0":{"name":"(anonymous_0)","decl":{"start":{"line":12,"column":0},"end":{"line":12,"column":5}},"loc":{"start":{"line":12,"column":0},"end":{"line":12,"column":null}},"line":12},"1":{"name":"(anonymous_1)","decl":{"start":{"line":36,"column":16},"end":{"line":36,"column":23}},"loc":{"start":{"line":36,"column":47},"end":{"line":61,"column":null}},"line":36},"2":{"name":"(anonymous_2)","decl":{"start":{"line":63,"column":11},"end":{"line":63,"column":18}},"loc":{"start":{"line":63,"column":41},"end":{"line":99,"column":null}},"line":63},"3":{"name":"(anonymous_3)","decl":{"start":{"line":101,"column":16},"end":{"line":101,"column":23}},"loc":{"start":{"line":101,"column":41},"end":{"line":109,"column":null}},"line":101},"4":{"name":"(anonymous_4)","decl":{"start":{"line":111,"column":12},"end":{"line":111,"column":19}},"loc":{"start":{"line":111,"column":52},"end":{"line":198,"column":null}},"line":111},"5":{"name":"(anonymous_5)","decl":{"start":{"line":201,"column":16},"end":{"line":201,"column":23}},"loc":{"start":{"line":201,"column":56},"end":{"line":266,"column":null}},"line":201}},"branchMap":{"0":{"loc":{"start":{"line":12,"column":5},"end":{"line":12,"column":null}},"type":"binary-expr","locations":[{"start":{"line":12,"column":5},"end":{"line":12,"column":null}},{"start":{"line":12,"column":5},"end":{"line":12,"column":null}}],"line":12},"1":{"loc":{"start":{"line":44,"column":8},"end":{"line":46,"column":null}},"type":"if","locations":[{"start":{"line":44,"column":8},"end":{"line":46,"column":null}},{"start":{},"end":{}}],"line":44},"2":{"loc":{"start":{"line":71,"column":8},"end":{"line":73,"column":null}},"type":"if","locations":[{"start":{"line":71,"column":8},"end":{"line":73,"column":null}},{"start":{},"end":{}}],"line":71},"3":{"loc":{"start":{"line":79,"column":8},"end":{"line":81,"column":null}},"type":"if","locations":[{"start":{"line":79,"column":8},"end":{"line":81,"column":null}},{"start":{},"end":{}}],"line":79},"4":{"loc":{"start":{"line":140,"column":8},"end":{"line":142,"column":null}},"type":"if","locations":[{"start":{"line":140,"column":8},"end":{"line":142,"column":null}},{"start":{},"end":{}}],"line":140},"5":{"loc":{"start":{"line":144,"column":8},"end":{"line":146,"column":null}},"type":"if","locations":[{"start":{"line":144,"column":8},"end":{"line":146,"column":null}},{"start":{},"end":{}}],"line":144},"6":{"loc":{"start":{"line":149,"column":8},"end":{"line":168,"column":null}},"type":"if","locations":[{"start":{"line":149,"column":8},"end":{"line":168,"column":null}},{"start":{},"end":{}}],"line":149},"7":{"loc":{"start":{"line":151,"column":12},"end":{"line":153,"column":null}},"type":"if","locations":[{"start":{"line":151,"column":12},"end":{"line":153,"column":null}},{"start":{},"end":{}}],"line":151},"8":{"loc":{"start":{"line":156,"column":16},"end":{"line":158,"column":null}},"type":"if","locations":[{"start":{"line":156,"column":16},"end":{"line":158,"column":null}},{"start":{},"end":{}}],"line":156},"9":{"loc":{"start":{"line":163,"column":16},"end":{"line":165,"column":null}},"type":"if","locations":[{"start":{"line":163,"column":16},"end":{"line":165,"column":null}},{"start":{},"end":{}}],"line":163},"10":{"loc":{"start":{"line":173,"column":8},"end":{"line":175,"column":null}},"type":"if","locations":[{"start":{"line":173,"column":8},"end":{"line":175,"column":null}},{"start":{},"end":{}}],"line":173},"11":{"loc":{"start":{"line":233,"column":8},"end":{"line":235,"column":null}},"type":"if","locations":[{"start":{"line":233,"column":8},"end":{"line":235,"column":null}},{"start":{},"end":{}}],"line":233},"12":{"loc":{"start":{"line":237,"column":8},"end":{"line":239,"column":null}},"type":"if","locations":[{"start":{"line":237,"column":8},"end":{"line":239,"column":null}},{"start":{},"end":{}}],"line":237},"13":{"loc":{"start":{"line":242,"column":8},"end":{"line":244,"column":null}},"type":"if","locations":[{"start":{"line":242,"column":8},"end":{"line":244,"column":null}},{"start":{},"end":{}}],"line":242}},"s":{"0":1,"1":1,"2":1,"3":1,"4":1,"5":1,"6":1,"7":1,"8":1,"9":1,"10":1,"11":1,"12":1,"13":2,"14":2,"15":1,"16":1,"17":1,"18":1,"19":3,"20":3,"21":1,"22":2,"23":2,"24":1,"25":1,"26":1,"27":1,"28":0,"29":0,"30":7,"31":7,"32":7,"33":7,"34":7,"35":1,"36":6,"37":1,"38":5,"39":5,"40":1,"41":4,"42":5,"43":1,"44":3,"45":3,"46":1,"47":2,"48":1,"49":1,"50":1,"51":1,"52":1,"53":4,"54":4,"55":4,"56":4,"57":4,"58":4,"59":1,"60":3,"61":1,"62":2,"63":1,"64":1,"65":1},"f":{"0":1,"1":2,"2":3,"3":0,"4":7,"5":4},"b":{"0":[1,1],"1":[1,1],"2":[1,2],"3":[1,1],"4":[1,6],"5":[1,5],"6":[5,0],"7":[1,4],"8":[1,4],"9":[1,2],"10":[1,1],"11":[1,3],"12":[1,2],"13":[1,1]},"meta":{"lastBranch":14,"lastFunction":6,"lastStatement":66,"seen":{"s:8:6:8:Infinity":0,"s:9:12:9:Infinity":1,"s:12:0:12:Infinity":2,"f:12:0:12:5":0,"s:13:2:13:Infinity":3,"s:14:2:14:Infinity":4,"s:15:2:15:Infinity":5,"s:16:2:16:Infinity":6,"s:17:2:17:Infinity":7,"s:18:2:18:Infinity":8,"s:19:2:19:Infinity":9,"s:20:2:20:Infinity":10,"s:12:5:12:Infinity":11,"b:12:5:12:Infinity:12:5:12:Infinity":0,"s:35:21:267:Infinity":12,"f:36:16:36:23":1,"s:38:47:42:Infinity":13,"b:44:8:46:Infinity:undefined:undefined:undefined:undefined":1,"s:44:8:46:Infinity":14,"s:45:12:45:Infinity":15,"s:48:28:48:Infinity":16,"s:49:28:49:Infinity":17,"s:51:8:57:Infinity":18,"f:63:11:63:18":2,"s:65:21:69:Infinity":19,"b:71:8:73:Infinity:undefined:undefined:undefined:undefined":2,"s:71:8:73:Infinity":20,"s:72:12:72:Infinity":21,"s:76:24:76:Infinity":22,"b:79:8:81:Infinity:undefined:undefined:undefined:undefined":3,"s:79:8:81:Infinity":23,"s:80:11:80:Infinity":24,"s:84:27:84:Infinity":25,"s:87:22:96:Infinity":26,"s:98:8:98:Infinity":27,"f:101:16:101:23":3,"s:102:22:106:Infinity":28,"s:108:8:108:Infinity":29,"f:111:12:111:19":4,"s:113:19:113:Infinity":30,"s:119:21:123:Infinity":31,"s:125:21:129:Infinity":32,"s:132:26:137:Infinity":33,"b:140:8:142:Infinity:undefined:undefined:undefined:undefined":4,"s:140:8:142:Infinity":34,"s:141:12:141:Infinity":35,"b:144:8:146:Infinity:undefined:undefined:undefined:undefined":5,"s:144:8:146:Infinity":36,"s:145:12:145:Infinity":37,"b:149:8:168:Infinity:undefined:undefined:undefined:undefined":6,"s:149:8:168:Infinity":38,"b:151:12:153:Infinity:undefined:undefined:undefined:undefined":7,"s:151:12:153:Infinity":39,"s:152:16:152:Infinity":40,"s:155:12:159:Infinity":41,"b:156:16:158:Infinity:undefined:undefined:undefined:undefined":8,"s:156:16:158:Infinity":42,"s:157:20:157:Infinity":43,"s:162:12:166:Infinity":44,"b:163:16:165:Infinity:undefined:undefined:undefined:undefined":9,"s:163:16:165:Infinity":45,"s:164:20:164:Infinity":46,"b:173:8:175:Infinity:undefined:undefined:undefined:undefined":10,"s:173:8:175:Infinity":47,"s:174:12:174:Infinity":48,"s:179:8:179:Infinity":49,"s:180:22:180:Infinity":50,"s:182:8:188:Infinity":51,"s:190:8:197:Infinity":52,"f:201:16:201:23":5,"s:205:19:205:Infinity":53,"s:206:22:206:Infinity":54,"s:212:21:216:Infinity":55,"s:218:21:222:Infinity":56,"s:224:21:230:Infinity":57,"b:233:8:235:Infinity:undefined:undefined:undefined:undefined":11,"s:233:8:235:Infinity":58,"s:234:12:234:Infinity":59,"b:237:8:239:Infinity:undefined:undefined:undefined:undefined":12,"s:237:8:239:Infinity":60,"s:238:12:238:Infinity":61,"b:242:8:244:Infinity:undefined:undefined:undefined:undefined":13,"s:242:8:244:Infinity":62,"s:243:12:243:Infinity":63,"s:247:8:255:Infinity":64,"s:258:8:265:Infinity":65}}}
}
