{"C:\\Users\\Usuario\\Desktop\\JAVA_SCRIPT\\projetos protifolio\\biblioteca\\generated\\prisma\\enums.ts": {"path":"C:\\Users\\Usuario\\Desktop\\JAVA_SCRIPT\\projetos protifolio\\biblioteca\\generated\\prisma\\enums.ts","statementMap":{"0":{"start":{"line":12,"column":20},"end":{"line":16,"column":null}}},"fnMap":{},"branchMap":{},"s":{"0":1},"f":{},"b":{},"meta":{"lastBranch":0,"lastFunction":0,"lastStatement":1,"seen":{"s:12:20:16:Infinity":0}}}
,"C:\\Users\\Usuario\\Desktop\\JAVA_SCRIPT\\projetos protifolio\\biblioteca\\src\\middlewares\\isAdmin.ts": {"path":"C:\\Users\\Usuario\\Desktop\\JAVA_SCRIPT\\projetos protifolio\\biblioteca\\src\\middlewares\\isAdmin.ts","statementMap":{"0":{"start":{"line":9,"column":23},"end":{"line":31,"column":null}},"1":{"start":{"line":10,"column":4},"end":{"line":12,"column":null}},"2":{"start":{"line":11,"column":8},"end":{"line":11,"column":null}},"3":{"start":{"line":14,"column":17},"end":{"line":18,"column":null}},"4":{"start":{"line":20,"column":4},"end":{"line":22,"column":null}},"5":{"start":{"line":21,"column":8},"end":{"line":21,"column":null}},"6":{"start":{"line":25,"column":4},"end":{"line":27,"column":null}},"7":{"start":{"line":26,"column":8},"end":{"line":26,"column":null}},"8":{"start":{"line":29,"column":4},"end":{"line":29,"column":null}}},"fnMap":{"0":{"name":"(anonymous_0)","decl":{"start":{"line":9,"column":23},"end":{"line":9,"column":30}},"loc":{"start":{"line":9,"column":92},"end":{"line":31,"column":null}},"line":9}},"branchMap":{"0":{"loc":{"start":{"line":10,"column":4},"end":{"line":12,"column":null}},"type":"if","locations":[{"start":{"line":10,"column":4},"end":{"line":12,"column":null}},{"start":{},"end":{}}],"line":10},"1":{"loc":{"start":{"line":20,"column":4},"end":{"line":22,"column":null}},"type":"if","locations":[{"start":{"line":20,"column":4},"end":{"line":22,"column":null}},{"start":{},"end":{}}],"line":20},"2":{"loc":{"start":{"line":25,"column":4},"end":{"line":27,"column":null}},"type":"if","locations":[{"start":{"line":25,"column":4},"end":{"line":27,"column":null}},{"start":{},"end":{}}],"line":25}},"s":{"0":1,"1":5,"2":1,"3":4,"4":4,"5":1,"6":3,"7":2,"8":1},"f":{"0":5},"b":{"0":[1,4],"1":[1,3],"2":[2,1]},"meta":{"lastBranch":3,"lastFunction":1,"lastStatement":9,"seen":{"s:9:23:31:Infinity":0,"f:9:23:9:30":0,"b:10:4:12:Infinity:undefined:undefined:undefined:undefined":0,"s:10:4:12:Infinity":1,"s:11:8:11:Infinity":2,"s:14:17:18:Infinity":3,"b:20:4:22:Infinity:undefined:undefined:undefined:undefined":1,"s:20:4:22:Infinity":4,"s:21:8:21:Infinity":5,"b:25:4:27:Infinity:undefined:undefined:undefined:undefined":2,"s:25:4:27:Infinity":6,"s:26:8:26:Infinity":7,"s:29:4:29:Infinity":8}}}
}
